<?xml version="1.0" encoding="UTF-8"?>
<robot generator="Robot 6.1.1 (Python 3.11.5 on win32)" generated="20230930 21:30:15.339" rpa="false" schemaversion="4">
<suite id="s1" name="Remove-Youtube-Comments" source="C:\dev\remove-youtube-comments">
<suite id="s1-s1" name="Remove-Youtube-Comments" source="C:\dev\remove-youtube-comments\remove-youtube-comments.robot">
<test id="s1-s1-t1" name="Nix Those Comments Broh" line="9">
<kw name="Open Browser" library="SeleniumLibrary">
<arg>https://myactivity.google.com/page?hl=en&amp;utm_medium=web&amp;utm_source=youtube&amp;pli=1&amp;page=youtube_comments</arg>
<arg>browser=chrome</arg>
<arg>options=add_argument("--user-data-dir=C:/Users/My name is chef/AppData/Local/Google/Chrome/User Data"); add_argument('--profile-directory=Profile 1')</arg>
<doc>Opens a new browser instance to the optional ``url``.</doc>
<msg timestamp="20230930 21:30:15.547" level="INFO">Opening browser 'chrome' to base url 'https://myactivity.google.com/page?hl=en&amp;utm_medium=web&amp;utm_source=youtube&amp;pli=1&amp;page=youtube_comments'.</msg>
<status status="PASS" starttime="20230930 21:30:15.547" endtime="20230930 21:30:19.132"/>
</kw>
<for flavor="IN RANGE">
<var>${index}</var>
<value>147483646</value>
<iter>
<var name="${index}">0</var>
<kw name="Wait Until Element Is Enabled" library="SeleniumLibrary">
<arg>css=c-wiz &gt; div &gt; div &gt; c-wiz &gt; c-wiz &gt; div &gt; div:nth-child(1) &gt; c-wiz:nth-child(2) &gt; div &gt; div &gt; div &gt; div &gt; div &gt; button &gt; svg</arg>
<arg>10 minute</arg>
<doc>Waits until the element ``locator`` is enabled.</doc>
<msg timestamp="20230930 21:30:33.595" level="WARN">Keyword 'Capture Page Screenshot' could not be run on failure: Message: no such window: target window already closed
from unknown error: web view not found
  (Session info: chrome=117.0.5938.132)
Stacktrace:
	GetHandleVerifier [0x00007FF6E1247892+54818]
	(No symbol) [0x00007FF6E11B6AC2]
	(No symbol) [0x00007FF6E106DA3B]
	(No symbol) [0x00007FF6E104DEE8]
	(No symbol) [0x00007FF6E10D3237]
	(No symbol) [0x00007FF6E10E6C6F]
	(No symbol) [0x00007FF6E10CE883]
	(No symbol) [0x00007FF6E10A3691]
	(No symbol) [0x00007FF6E10A48D4]
	GetHandleVerifier [0x00007FF6E15AB992+3610402]
	GetHandleVerifier [0x00007FF6E1601860+3962352]
	GetHandleVerifier [0x00007FF6E15F9D4F+3930847]
	GetHandleVerifier [0x00007FF6E12E3646+693206]
	(No symbol) [0x00007FF6E11C1628]
	(No symbol) [0x00007FF6E11BD934]
	(No symbol) [0x00007FF6E11BDA62]
	(No symbol) [0x00007FF6E11AE113]
	BaseThreadInitThunk [0x00007FF9AC0E7344+20]
	RtlUserThreadStart [0x00007FF9AC5826B1+33]
</msg>
<msg timestamp="20230930 21:30:33.596" level="FAIL">NoSuchWindowException: Message: no such window: target window already closed
from unknown error: web view not found
  (Session info: chrome=117.0.5938.132)
Stacktrace:
	GetHandleVerifier [0x00007FF6E1247892+54818]
	(No symbol) [0x00007FF6E11B6AC2]
	(No symbol) [0x00007FF6E106DA3B]
	(No symbol) [0x00007FF6E104DEE8]
	(No symbol) [0x00007FF6E10D3237]
	(No symbol) [0x00007FF6E10E6C6F]
	(No symbol) [0x00007FF6E10CE883]
	(No symbol) [0x00007FF6E10A3691]
	(No symbol) [0x00007FF6E10A48D4]
	GetHandleVerifier [0x00007FF6E15AB992+3610402]
	GetHandleVerifier [0x00007FF6E1601860+3962352]
	GetHandleVerifier [0x00007FF6E15F9D4F+3930847]
	GetHandleVerifier [0x00007FF6E12E3646+693206]
	(No symbol) [0x00007FF6E11C1628]
	(No symbol) [0x00007FF6E11BD934]
	(No symbol) [0x00007FF6E11BDA62]
	(No symbol) [0x00007FF6E11AE113]
	BaseThreadInitThunk [0x00007FF9AC0E7344+20]
	RtlUserThreadStart [0x00007FF9AC5826B1+33]
</msg>
<status status="FAIL" starttime="20230930 21:30:21.236" endtime="20230930 21:30:33.599"/>
</kw>
<kw name="Wait Until Element Is Visible" library="SeleniumLibrary">
<arg>css=c-wiz &gt; div &gt; div &gt; c-wiz &gt; c-wiz &gt; div &gt; div:nth-child(1) &gt; c-wiz:nth-child(2) &gt; div &gt; div &gt; div &gt; div &gt; div &gt; button &gt; svg</arg>
<arg>10 minute</arg>
<doc>Waits until the element ``locator`` is visible.</doc>
<status status="NOT RUN" starttime="20230930 21:30:33.599" endtime="20230930 21:30:33.599"/>
</kw>
<kw name="Click Element" library="SeleniumLibrary">
<arg>css=c-wiz &gt; div &gt; div &gt; c-wiz &gt; c-wiz &gt; div &gt; div:nth-child(1) &gt; c-wiz:nth-child(2) &gt; div &gt; div &gt; div &gt; div &gt; div &gt; button &gt; svg</arg>
<doc>Click the element identified by ``locator``.</doc>
<status status="NOT RUN" starttime="20230930 21:30:33.599" endtime="20230930 21:30:33.599"/>
</kw>
<status status="FAIL" starttime="20230930 21:30:21.236" endtime="20230930 21:30:33.599"/>
</iter>
<status status="FAIL" starttime="20230930 21:30:19.132" endtime="20230930 21:30:33.599"/>
</for>
<status status="FAIL" starttime="20230930 21:30:15.546" endtime="20230930 21:30:33.600">NoSuchWindowException: Message: no such window: target window already closed
from unknown error: web view not found
  (Session info: chrome=117.0.5938.132)
Stacktrace:
	GetHandleVerifier [0x00007FF6E1247892+54818]
	(No symbol) [0x00007FF6E11B6AC2]
	(No symbol) [0x00007FF6E106DA3B]
	(No symbol) [0x00007FF6E104DEE8]
	(No symbol) [0x00007FF6E10D3237]
	(No symbol) [0x00007FF6E10E6C6F]
	(No symbol) [0x00007FF6E10CE883]
	(No symbol) [0x00007FF6E10A3691]
	(No symbol) [0x00007FF6E10A48D4]
	GetHandleVerifier [0x00007FF6E15AB992+3610402]
	GetHandleVerifier [0x00007FF6E1601860+3962352]
	GetHandleVerifier [0x00007FF6E15F9D4F+3930847]
	GetHandleVerifier [0x00007FF6E12E3646+693206]
	(No symbol) [0x00007FF6E11C1628]
	(No symbol) [0x00007FF6E11BD934]
	(No symbol) [0x00007FF6E11BDA62]
	(No symbol) [0x00007FF6E11AE113]
	BaseThreadInitThunk [0x00007FF9AC0E7344+20]
	RtlUserThreadStart [0x00007FF9AC5826B1+33]
</status>
</test>
<doc>A test suite with a single test for valid login.

This test has a workflow that is created using keywords in
the imported resource file.</doc>
<status status="FAIL" starttime="20230930 21:30:15.361" endtime="20230930 21:30:33.601"/>
</suite>
<status status="FAIL" starttime="20230930 21:30:15.341" endtime="20230930 21:30:33.603"/>
</suite>
<statistics>
<total>
<stat pass="0" fail="1" skip="0">All Tests</stat>
</total>
<tag>
</tag>
<suite>
<stat pass="0" fail="1" skip="0" id="s1" name="Remove-Youtube-Comments">Remove-Youtube-Comments</stat>
<stat pass="0" fail="1" skip="0" id="s1-s1" name="Remove-Youtube-Comments">Remove-Youtube-Comments.Remove-Youtube-Comments</stat>
</suite>
</statistics>
<errors>
<msg timestamp="20230930 21:30:33.595" level="WARN">Keyword 'Capture Page Screenshot' could not be run on failure: Message: no such window: target window already closed
from unknown error: web view not found
  (Session info: chrome=117.0.5938.132)
Stacktrace:
	GetHandleVerifier [0x00007FF6E1247892+54818]
	(No symbol) [0x00007FF6E11B6AC2]
	(No symbol) [0x00007FF6E106DA3B]
	(No symbol) [0x00007FF6E104DEE8]
	(No symbol) [0x00007FF6E10D3237]
	(No symbol) [0x00007FF6E10E6C6F]
	(No symbol) [0x00007FF6E10CE883]
	(No symbol) [0x00007FF6E10A3691]
	(No symbol) [0x00007FF6E10A48D4]
	GetHandleVerifier [0x00007FF6E15AB992+3610402]
	GetHandleVerifier [0x00007FF6E1601860+3962352]
	GetHandleVerifier [0x00007FF6E15F9D4F+3930847]
	GetHandleVerifier [0x00007FF6E12E3646+693206]
	(No symbol) [0x00007FF6E11C1628]
	(No symbol) [0x00007FF6E11BD934]
	(No symbol) [0x00007FF6E11BDA62]
	(No symbol) [0x00007FF6E11AE113]
	BaseThreadInitThunk [0x00007FF9AC0E7344+20]
	RtlUserThreadStart [0x00007FF9AC5826B1+33]
</msg>
</errors>
</robot>
